2023-05-23 17:58:41 INFO  com.mchange.v2.log.MLog - MLog clients using slf4j logging.
2023-05-23 17:58:41 INFO  com.mchange.v2.c3p0.C3P0Registry - Initializing c3p0-0.9.5.5 [built 11-December-2019 22:18:33 -0800; debug? true; trace: 10]
2023-05-23 17:58:41 WARN  com.mchange.v2.c3p0.cfg.C3P0Config - named-config with name 'dynamo' does not exist. Using default-config.
2023-05-23 17:58:41 WARN  com.mchange.v2.c3p0.cfg.C3P0Config - named-config with name 'dynamo' does not exist. Using default-config extensions.
2023-05-23 17:58:41 INFO  com.mchange.v2.c3p0.impl.AbstractPoolBackedDataSource - Initializing c3p0 pool... com.mchange.v2.c3p0.ComboPooledDataSource [ acquireIncrement -> 3, acquireRetryAttempts -> 30, acquireRetryDelay -> 1000, autoCommitOnClose -> false, automaticTestTable -> null, breakAfterAcquireFailure -> false, checkoutTimeout -> 0, connectionCustomizerClassName -> null, connectionTesterClassName -> com.mchange.v2.c3p0.impl.DefaultConnectionTester, contextClassLoaderSource -> caller, dataSourceName -> dynamo, debugUnreturnedConnectionStackTraces -> false, description -> null, driverClass -> null, extensions -> {}, factoryClassLocation -> null, forceIgnoreUnresolvedTransactions -> false, forceSynchronousCheckins -> false, forceUseNamedDriverClass -> false, identityToken -> 2s1895awk50fkx1aw3ew5|3a0d172f, idleConnectionTestPeriod -> 0, initialPoolSize -> 3, jdbcUrl -> null, maxAdministrativeTaskTime -> 0, maxConnectionAge -> 43200, maxIdleTime -> 240, maxIdleTimeExcessConnections -> 0, maxPoolSize -> 50, maxStatements -> 0, maxStatementsPerConnection -> 0, minPoolSize -> 3, numHelperThreads -> 3, preferredTestQuery -> null, privilegeSpawnedThreads -> false, properties -> {}, propertyCycle -> 0, statementCacheNumDeferredCloseThreads -> 0, testConnectionOnCheckin -> false, testConnectionOnCheckout -> false, unreturnedConnectionTimeout -> 0, userOverrides -> {}, usesTraditionalReflectiveProxies -> false ]
2023-05-23 17:59:12 WARN  com.mchange.v2.resourcepool.BasicResourcePool - com.mchange.v2.resourcepool.BasicResourcePool$ScatteredAcquireTask@1e408cb5 -- Acquisition Attempt Failed!!! Clearing pending acquires. While trying to acquire a needed new resource, we failed to succeed more than the maximum number of allowed acquisition attempts (30). Last acquisition attempt exception: 
java.sql.SQLException: No suitable driver
	at java.sql.DriverManager.getDriver(Unknown Source)
	at com.mchange.v2.c3p0.DriverManagerDataSource.driver(DriverManagerDataSource.java:285)
	at com.mchange.v2.c3p0.DriverManagerDataSource.getConnection(DriverManagerDataSource.java:161)
	at com.mchange.v2.c3p0.WrapperConnectionPoolDataSource.getPooledConnection(WrapperConnectionPoolDataSource.java:161)
	at com.mchange.v2.c3p0.WrapperConnectionPoolDataSource.getPooledConnection(WrapperConnectionPoolDataSource.java:147)
	at com.mchange.v2.c3p0.impl.C3P0PooledConnectionPool$1PooledConnectionResourcePoolManager.acquireResource(C3P0PooledConnectionPool.java:202)
	at com.mchange.v2.resourcepool.BasicResourcePool.doAcquire(BasicResourcePool.java:1176)
	at com.mchange.v2.resourcepool.BasicResourcePool.doAcquireAndDecrementPendingAcquiresWithinLockOnSuccess(BasicResourcePool.java:1163)
	at com.mchange.v2.resourcepool.BasicResourcePool.access$700(BasicResourcePool.java:44)
	at com.mchange.v2.resourcepool.BasicResourcePool$ScatteredAcquireTask.run(BasicResourcePool.java:1908)
	at com.mchange.v2.async.ThreadPoolAsynchronousRunner$PoolThread.run(ThreadPoolAsynchronousRunner.java:696)
2023-05-23 17:59:12 WARN  com.mchange.v2.resourcepool.BasicResourcePool - Having failed to acquire a resource, com.mchange.v2.resourcepool.BasicResourcePool@fd8294b is interrupting all Threads waiting on a resource to check out. Will try again in response to new client requests.
2023-05-23 17:59:12 WARN  com.mchange.v2.resourcepool.BasicResourcePool - com.mchange.v2.resourcepool.BasicResourcePool$ScatteredAcquireTask@31959479 -- Acquisition Attempt Failed!!! Clearing pending acquires. While trying to acquire a needed new resource, we failed to succeed more than the maximum number of allowed acquisition attempts (30). Last acquisition attempt exception: 
java.sql.SQLException: No suitable driver
	at java.sql.DriverManager.getDriver(Unknown Source)
	at com.mchange.v2.c3p0.DriverManagerDataSource.driver(DriverManagerDataSource.java:285)
	at com.mchange.v2.c3p0.DriverManagerDataSource.getConnection(DriverManagerDataSource.java:161)
	at com.mchange.v2.c3p0.WrapperConnectionPoolDataSource.getPooledConnection(WrapperConnectionPoolDataSource.java:161)
	at com.mchange.v2.c3p0.WrapperConnectionPoolDataSource.getPooledConnection(WrapperConnectionPoolDataSource.java:147)
	at com.mchange.v2.c3p0.impl.C3P0PooledConnectionPool$1PooledConnectionResourcePoolManager.acquireResource(C3P0PooledConnectionPool.java:202)
	at com.mchange.v2.resourcepool.BasicResourcePool.doAcquire(BasicResourcePool.java:1176)
	at com.mchange.v2.resourcepool.BasicResourcePool.doAcquireAndDecrementPendingAcquiresWithinLockOnSuccess(BasicResourcePool.java:1163)
	at com.mchange.v2.resourcepool.BasicResourcePool.access$700(BasicResourcePool.java:44)
	at com.mchange.v2.resourcepool.BasicResourcePool$ScatteredAcquireTask.run(BasicResourcePool.java:1908)
	at com.mchange.v2.async.ThreadPoolAsynchronousRunner$PoolThread.run(ThreadPoolAsynchronousRunner.java:696)
2023-05-23 17:59:12 WARN  com.mchange.v2.resourcepool.BasicResourcePool - com.mchange.v2.resourcepool.BasicResourcePool$ScatteredAcquireTask@353add68 -- Acquisition Attempt Failed!!! Clearing pending acquires. While trying to acquire a needed new resource, we failed to succeed more than the maximum number of allowed acquisition attempts (30). Last acquisition attempt exception: 
java.sql.SQLException: No suitable driver
	at java.sql.DriverManager.getDriver(Unknown Source)
	at com.mchange.v2.c3p0.DriverManagerDataSource.driver(DriverManagerDataSource.java:285)
	at com.mchange.v2.c3p0.DriverManagerDataSource.getConnection(DriverManagerDataSource.java:161)
	at com.mchange.v2.c3p0.WrapperConnectionPoolDataSource.getPooledConnection(WrapperConnectionPoolDataSource.java:161)
	at com.mchange.v2.c3p0.WrapperConnectionPoolDataSource.getPooledConnection(WrapperConnectionPoolDataSource.java:147)
	at com.mchange.v2.c3p0.impl.C3P0PooledConnectionPool$1PooledConnectionResourcePoolManager.acquireResource(C3P0PooledConnectionPool.java:202)
	at com.mchange.v2.resourcepool.BasicResourcePool.doAcquire(BasicResourcePool.java:1176)
	at com.mchange.v2.resourcepool.BasicResourcePool.doAcquireAndDecrementPendingAcquiresWithinLockOnSuccess(BasicResourcePool.java:1163)
	at com.mchange.v2.resourcepool.BasicResourcePool.access$700(BasicResourcePool.java:44)
	at com.mchange.v2.resourcepool.BasicResourcePool$ScatteredAcquireTask.run(BasicResourcePool.java:1908)
	at com.mchange.v2.async.ThreadPoolAsynchronousRunner$PoolThread.run(ThreadPoolAsynchronousRunner.java:696)
2023-05-23 17:59:12 WARN  com.mchange.v2.resourcepool.BasicResourcePool - Having failed to acquire a resource, com.mchange.v2.resourcepool.BasicResourcePool@fd8294b is interrupting all Threads waiting on a resource to check out. Will try again in response to new client requests.
2023-05-23 17:59:12 WARN  com.mchange.v2.resourcepool.BasicResourcePool - Having failed to acquire a resource, com.mchange.v2.resourcepool.BasicResourcePool@fd8294b is interrupting all Threads waiting on a resource to check out. Will try again in response to new client requests.
2023-05-23 18:00:13 INFO  com.mchange.v2.log.MLog - MLog clients using slf4j logging.
2023-05-23 18:00:13 INFO  com.mchange.v2.c3p0.C3P0Registry - Initializing c3p0-0.9.5.5 [built 11-December-2019 22:18:33 -0800; debug? true; trace: 10]
2023-05-23 18:00:13 INFO  com.mchange.v2.c3p0.impl.AbstractPoolBackedDataSource - Initializing c3p0 pool... com.mchange.v2.c3p0.ComboPooledDataSource [ acquireIncrement -> 3, acquireRetryAttempts -> 30, acquireRetryDelay -> 1000, autoCommitOnClose -> false, automaticTestTable -> null, breakAfterAcquireFailure -> false, checkoutTimeout -> 0, connectionCustomizerClassName -> null, connectionTesterClassName -> com.mchange.v2.c3p0.impl.DefaultConnectionTester, contextClassLoaderSource -> caller, dataSourceName -> test, debugUnreturnedConnectionStackTraces -> false, description -> null, driverClass -> com.mysql.cj.jdbc.Driver, extensions -> {}, factoryClassLocation -> null, forceIgnoreUnresolvedTransactions -> false, forceSynchronousCheckins -> false, forceUseNamedDriverClass -> false, identityToken -> 2s1895awk52e6l1xp6y92|52de51b6, idleConnectionTestPeriod -> 0, initialPoolSize -> 3, jdbcUrl -> jdbc:mysql://localhost:3306/wrm?rewriteBatchedStatements=true, maxAdministrativeTaskTime -> 0, maxConnectionAge -> 43200, maxIdleTime -> 240, maxIdleTimeExcessConnections -> 0, maxPoolSize -> 50, maxStatements -> 0, maxStatementsPerConnection -> 0, minPoolSize -> 3, numHelperThreads -> 3, preferredTestQuery -> null, privilegeSpawnedThreads -> false, properties -> {user=******, password=******}, propertyCycle -> 0, statementCacheNumDeferredCloseThreads -> 0, testConnectionOnCheckin -> false, testConnectionOnCheckout -> false, unreturnedConnectionTimeout -> 0, userOverrides -> {}, usesTraditionalReflectiveProxies -> false ]
2023-05-23 18:00:14 INFO  org.hibernate.validator.internal.util.Version - HV000001: Hibernate Validator 6.1.2.Final
2023-05-23 21:23:09 INFO  com.mchange.v2.log.MLog - MLog clients using slf4j logging.
2023-05-23 21:23:09 INFO  com.mchange.v2.c3p0.C3P0Registry - Initializing c3p0-0.9.5.5 [built 11-December-2019 22:18:33 -0800; debug? true; trace: 10]
2023-05-23 21:23:09 INFO  com.mchange.v2.c3p0.impl.AbstractPoolBackedDataSource - Initializing c3p0 pool... com.mchange.v2.c3p0.ComboPooledDataSource [ acquireIncrement -> 3, acquireRetryAttempts -> 30, acquireRetryDelay -> 1000, autoCommitOnClose -> false, automaticTestTable -> null, breakAfterAcquireFailure -> false, checkoutTimeout -> 0, connectionCustomizerClassName -> null, connectionTesterClassName -> com.mchange.v2.c3p0.impl.DefaultConnectionTester, contextClassLoaderSource -> caller, dataSourceName -> test, debugUnreturnedConnectionStackTraces -> false, description -> null, driverClass -> com.mysql.cj.jdbc.Driver, extensions -> {}, factoryClassLocation -> null, forceIgnoreUnresolvedTransactions -> false, forceSynchronousCheckins -> false, forceUseNamedDriverClass -> false, identityToken -> 1hge0z9awkcbd0wvgudtu|21ae6e73, idleConnectionTestPeriod -> 0, initialPoolSize -> 3, jdbcUrl -> jdbc:mysql://localhost:3306/wrm?rewriteBatchedStatements=true, maxAdministrativeTaskTime -> 0, maxConnectionAge -> 43200, maxIdleTime -> 240, maxIdleTimeExcessConnections -> 0, maxPoolSize -> 50, maxStatements -> 0, maxStatementsPerConnection -> 0, minPoolSize -> 3, numHelperThreads -> 3, preferredTestQuery -> null, privilegeSpawnedThreads -> false, properties -> {user=******, password=******}, propertyCycle -> 0, statementCacheNumDeferredCloseThreads -> 0, testConnectionOnCheckin -> false, testConnectionOnCheckout -> false, unreturnedConnectionTimeout -> 0, userOverrides -> {}, usesTraditionalReflectiveProxies -> false ]
2023-05-23 21:23:09 INFO  org.hibernate.validator.internal.util.Version - HV000001: Hibernate Validator 6.1.2.Final
2023-05-23 21:26:13 INFO  com.mchange.v2.log.MLog - MLog clients using slf4j logging.
2023-05-23 21:26:13 INFO  com.mchange.v2.c3p0.C3P0Registry - Initializing c3p0-0.9.5.5 [built 11-December-2019 22:18:33 -0800; debug? true; trace: 10]
2023-05-23 21:26:13 INFO  com.mchange.v2.c3p0.impl.AbstractPoolBackedDataSource - Initializing c3p0 pool... com.mchange.v2.c3p0.ComboPooledDataSource [ acquireIncrement -> 3, acquireRetryAttempts -> 30, acquireRetryDelay -> 1000, autoCommitOnClose -> false, automaticTestTable -> null, breakAfterAcquireFailure -> false, checkoutTimeout -> 0, connectionCustomizerClassName -> null, connectionTesterClassName -> com.mchange.v2.c3p0.impl.DefaultConnectionTester, contextClassLoaderSource -> caller, dataSourceName -> test, debugUnreturnedConnectionStackTraces -> false, description -> null, driverClass -> com.mysql.cj.jdbc.Driver, extensions -> {}, factoryClassLocation -> null, forceIgnoreUnresolvedTransactions -> false, forceSynchronousCheckins -> false, forceUseNamedDriverClass -> false, identityToken -> 1hge0z9awkcfbda9qsbwt|485e36bc, idleConnectionTestPeriod -> 0, initialPoolSize -> 3, jdbcUrl -> jdbc:mysql://localhost:3306/wrm?rewriteBatchedStatements=true, maxAdministrativeTaskTime -> 0, maxConnectionAge -> 43200, maxIdleTime -> 240, maxIdleTimeExcessConnections -> 0, maxPoolSize -> 50, maxStatements -> 0, maxStatementsPerConnection -> 0, minPoolSize -> 3, numHelperThreads -> 3, preferredTestQuery -> null, privilegeSpawnedThreads -> false, properties -> {user=******, password=******}, propertyCycle -> 0, statementCacheNumDeferredCloseThreads -> 0, testConnectionOnCheckin -> false, testConnectionOnCheckout -> false, unreturnedConnectionTimeout -> 0, userOverrides -> {}, usesTraditionalReflectiveProxies -> false ]
2023-05-23 21:26:14 INFO  org.hibernate.validator.internal.util.Version - HV000001: Hibernate Validator 6.1.2.Final
2023-05-23 21:34:06 INFO  com.mchange.v2.log.MLog - MLog clients using slf4j logging.
2023-05-23 21:34:06 INFO  com.mchange.v2.c3p0.C3P0Registry - Initializing c3p0-0.9.5.5 [built 11-December-2019 22:18:33 -0800; debug? true; trace: 10]
2023-05-23 21:34:07 INFO  com.mchange.v2.c3p0.impl.AbstractPoolBackedDataSource - Initializing c3p0 pool... com.mchange.v2.c3p0.ComboPooledDataSource [ acquireIncrement -> 3, acquireRetryAttempts -> 30, acquireRetryDelay -> 1000, autoCommitOnClose -> false, automaticTestTable -> null, breakAfterAcquireFailure -> false, checkoutTimeout -> 0, connectionCustomizerClassName -> null, connectionTesterClassName -> com.mchange.v2.c3p0.impl.DefaultConnectionTester, contextClassLoaderSource -> caller, dataSourceName -> test, debugUnreturnedConnectionStackTraces -> false, description -> null, driverClass -> com.mysql.cj.jdbc.Driver, extensions -> {}, factoryClassLocation -> null, forceIgnoreUnresolvedTransactions -> false, forceSynchronousCheckins -> false, forceUseNamedDriverClass -> false, identityToken -> 1hge0z9awkcpgol1gay0ir|485e36bc, idleConnectionTestPeriod -> 0, initialPoolSize -> 3, jdbcUrl -> jdbc:mysql://localhost:3306/wrm?rewriteBatchedStatements=true, maxAdministrativeTaskTime -> 0, maxConnectionAge -> 43200, maxIdleTime -> 240, maxIdleTimeExcessConnections -> 0, maxPoolSize -> 50, maxStatements -> 0, maxStatementsPerConnection -> 0, minPoolSize -> 3, numHelperThreads -> 3, preferredTestQuery -> null, privilegeSpawnedThreads -> false, properties -> {user=******, password=******}, propertyCycle -> 0, statementCacheNumDeferredCloseThreads -> 0, testConnectionOnCheckin -> false, testConnectionOnCheckout -> false, unreturnedConnectionTimeout -> 0, userOverrides -> {}, usesTraditionalReflectiveProxies -> false ]
2023-05-23 21:34:08 INFO  org.hibernate.validator.internal.util.Version - HV000001: Hibernate Validator 6.1.2.Final
2023-05-23 21:37:20 INFO  com.mchange.v2.log.MLog - MLog clients using slf4j logging.
2023-05-23 21:37:20 INFO  com.mchange.v2.c3p0.C3P0Registry - Initializing c3p0-0.9.5.5 [built 11-December-2019 22:18:33 -0800; debug? true; trace: 10]
2023-05-23 21:37:20 INFO  com.mchange.v2.c3p0.impl.AbstractPoolBackedDataSource - Initializing c3p0 pool... com.mchange.v2.c3p0.ComboPooledDataSource [ acquireIncrement -> 3, acquireRetryAttempts -> 30, acquireRetryDelay -> 1000, autoCommitOnClose -> false, automaticTestTable -> null, breakAfterAcquireFailure -> false, checkoutTimeout -> 0, connectionCustomizerClassName -> null, connectionTesterClassName -> com.mchange.v2.c3p0.impl.DefaultConnectionTester, contextClassLoaderSource -> caller, dataSourceName -> test, debugUnreturnedConnectionStackTraces -> false, description -> null, driverClass -> com.mysql.cj.jdbc.Driver, extensions -> {}, factoryClassLocation -> null, forceIgnoreUnresolvedTransactions -> false, forceSynchronousCheckins -> false, forceUseNamedDriverClass -> false, identityToken -> 1hge0z9awkctm81wddz60|485e36bc, idleConnectionTestPeriod -> 0, initialPoolSize -> 3, jdbcUrl -> jdbc:mysql://localhost:3306/wrm?rewriteBatchedStatements=true, maxAdministrativeTaskTime -> 0, maxConnectionAge -> 43200, maxIdleTime -> 240, maxIdleTimeExcessConnections -> 0, maxPoolSize -> 50, maxStatements -> 0, maxStatementsPerConnection -> 0, minPoolSize -> 3, numHelperThreads -> 3, preferredTestQuery -> null, privilegeSpawnedThreads -> false, properties -> {user=******, password=******}, propertyCycle -> 0, statementCacheNumDeferredCloseThreads -> 0, testConnectionOnCheckin -> false, testConnectionOnCheckout -> false, unreturnedConnectionTimeout -> 0, userOverrides -> {}, usesTraditionalReflectiveProxies -> false ]
2023-05-23 21:37:21 INFO  org.hibernate.validator.internal.util.Version - HV000001: Hibernate Validator 6.1.2.Final
2023-05-23 21:57:26 INFO  org.hibernate.validator.internal.util.Version - HV000001: Hibernate Validator 6.1.2.Final
2023-05-23 22:02:18 INFO  com.mchange.v2.log.MLog - MLog clients using slf4j logging.
2023-05-23 22:02:19 INFO  com.mchange.v2.c3p0.C3P0Registry - Initializing c3p0-0.9.5.5 [built 11-December-2019 22:18:33 -0800; debug? true; trace: 10]
2023-05-23 22:02:19 INFO  com.mchange.v2.c3p0.impl.AbstractPoolBackedDataSource - Initializing c3p0 pool... com.mchange.v2.c3p0.ComboPooledDataSource [ acquireIncrement -> 3, acquireRetryAttempts -> 30, acquireRetryDelay -> 1000, autoCommitOnClose -> false, automaticTestTable -> null, breakAfterAcquireFailure -> false, checkoutTimeout -> 0, connectionCustomizerClassName -> null, connectionTesterClassName -> com.mchange.v2.c3p0.impl.DefaultConnectionTester, contextClassLoaderSource -> caller, dataSourceName -> test, debugUnreturnedConnectionStackTraces -> false, description -> null, driverClass -> com.mysql.cj.jdbc.Driver, extensions -> {}, factoryClassLocation -> null, forceIgnoreUnresolvedTransactions -> false, forceSynchronousCheckins -> false, forceUseNamedDriverClass -> false, identityToken -> 1hge0z9awkdpq9p244xh|3a0d172f, idleConnectionTestPeriod -> 0, initialPoolSize -> 3, jdbcUrl -> jdbc:mysql://localhost:3306/wrm?rewriteBatchedStatements=true, maxAdministrativeTaskTime -> 0, maxConnectionAge -> 43200, maxIdleTime -> 240, maxIdleTimeExcessConnections -> 0, maxPoolSize -> 50, maxStatements -> 0, maxStatementsPerConnection -> 0, minPoolSize -> 3, numHelperThreads -> 3, preferredTestQuery -> null, privilegeSpawnedThreads -> false, properties -> {user=******, password=******}, propertyCycle -> 0, statementCacheNumDeferredCloseThreads -> 0, testConnectionOnCheckin -> false, testConnectionOnCheckout -> false, unreturnedConnectionTimeout -> 0, userOverrides -> {}, usesTraditionalReflectiveProxies -> false ]
2023-05-23 22:02:23 INFO  org.hibernate.validator.internal.util.Version - HV000001: Hibernate Validator 6.1.2.Final
2023-05-23 22:06:54 INFO  org.hibernate.validator.internal.util.Version - HV000001: Hibernate Validator 6.1.2.Final
2023-05-23 23:54:42 INFO  com.mchange.v2.log.MLog - MLog clients using slf4j logging.
2023-05-23 23:54:42 INFO  com.mchange.v2.c3p0.C3P0Registry - Initializing c3p0-0.9.5.5 [built 11-December-2019 22:18:33 -0800; debug? true; trace: 10]
2023-05-23 23:54:42 INFO  com.mchange.v2.c3p0.impl.AbstractPoolBackedDataSource - Initializing c3p0 pool... com.mchange.v2.c3p0.ComboPooledDataSource [ acquireIncrement -> 3, acquireRetryAttempts -> 30, acquireRetryDelay -> 1000, autoCommitOnClose -> false, automaticTestTable -> null, breakAfterAcquireFailure -> false, checkoutTimeout -> 0, connectionCustomizerClassName -> null, connectionTesterClassName -> com.mchange.v2.c3p0.impl.DefaultConnectionTester, contextClassLoaderSource -> caller, dataSourceName -> test, debugUnreturnedConnectionStackTraces -> false, description -> null, driverClass -> com.mysql.cj.jdbc.Driver, extensions -> {}, factoryClassLocation -> null, forceIgnoreUnresolvedTransactions -> false, forceSynchronousCheckins -> false, forceUseNamedDriverClass -> false, identityToken -> 1hge0z9awkhq9d4si1297|37ddb69a, idleConnectionTestPeriod -> 0, initialPoolSize -> 3, jdbcUrl -> jdbc:mysql://localhost:3306/wrm?rewriteBatchedStatements=true, maxAdministrativeTaskTime -> 0, maxConnectionAge -> 43200, maxIdleTime -> 240, maxIdleTimeExcessConnections -> 0, maxPoolSize -> 50, maxStatements -> 0, maxStatementsPerConnection -> 0, minPoolSize -> 3, numHelperThreads -> 3, preferredTestQuery -> null, privilegeSpawnedThreads -> false, properties -> {user=******, password=******}, propertyCycle -> 0, statementCacheNumDeferredCloseThreads -> 0, testConnectionOnCheckin -> false, testConnectionOnCheckout -> false, unreturnedConnectionTimeout -> 0, userOverrides -> {}, usesTraditionalReflectiveProxies -> false ]
2023-05-23 23:54:43 INFO  org.hibernate.validator.internal.util.Version - HV000001: Hibernate Validator 6.1.2.Final
